<?xml version="1.0" encoding="UTF-8"?>
<!-- Generated by org.testng.reporters.JUnitXMLReporter -->
<testsuite ignored="0" hostname="Salenium-07" failures="0" tests="1" name="test-1" time="43.717" errors="0" timestamp="2022-10-19T13:41:14 GMT-04:00">
  <testcase classname="com.orangeHRM.test.OrangeHRM_Login" name="logoVerifyTest" time="8.341"/>
</testsuite> <!-- test-1 -->
