<?xml version="1.0" encoding="UTF-8"?>
<!-- Generated by org.testng.reporters.JUnitReportReporter -->
<testsuite hostname="Salenium-07" failures="0" tests="1" name="com.orangeHRM.test.OrangeHRM_Login" time="12.475" errors="0" timestamp="2022-10-19T13:41:15 GMT-04:00" skipped="0">
  <testcase classname="com.orangeHRM.test.OrangeHRM_Login" name="logoVerifyTest" time="12.475"/>
  <system-out/>
</testsuite> <!-- com.orangeHRM.test.OrangeHRM_Login -->
